[2025-09-26 16:09:23] - WARNING - Not enough permission to place log file at /var/log/archinstall/install.log, creating it in /home/nick/fresh/install.log instead
[2025-09-26 16:09:23] - DEBUG - Importing profile: /usr/lib/python3.13/site-packages/archinstall/default_profiles/__init__.py
[2025-09-26 16:09:23] - DEBUG - Importing profile: /usr/lib/python3.13/site-packages/archinstall/default_profiles/custom.py
[2025-09-26 16:09:23] - DEBUG - Importing profile: /usr/lib/python3.13/site-packages/archinstall/default_profiles/desktop.py
[2025-09-26 16:09:23] - DEBUG - Importing profile: /usr/lib/python3.13/site-packages/archinstall/default_profiles/minimal.py
[2025-09-26 16:09:23] - DEBUG - Importing profile: /usr/lib/python3.13/site-packages/archinstall/default_profiles/server.py
[2025-09-26 16:09:23] - DEBUG - Importing profile: /usr/lib/python3.13/site-packages/archinstall/default_profiles/tailored.py
[2025-09-26 16:09:23] - DEBUG - Importing profile: /usr/lib/python3.13/site-packages/archinstall/default_profiles/xorg.py
[2025-09-26 16:09:23] - DEBUG - Importing profile: /usr/lib/python3.13/site-packages/archinstall/default_profiles/desktops/__init__.py
[2025-09-26 16:09:23] - DEBUG - Importing profile: /usr/lib/python3.13/site-packages/archinstall/default_profiles/desktops/awesome.py
[2025-09-26 16:09:23] - DEBUG - Importing profile: /usr/lib/python3.13/site-packages/archinstall/default_profiles/desktops/bspwm.py
[2025-09-26 16:09:23] - DEBUG - Importing profile: /usr/lib/python3.13/site-packages/archinstall/default_profiles/desktops/budgie.py
[2025-09-26 16:09:23] - DEBUG - Importing profile: /usr/lib/python3.13/site-packages/archinstall/default_profiles/desktops/cinnamon.py
[2025-09-26 16:09:23] - DEBUG - Importing profile: /usr/lib/python3.13/site-packages/archinstall/default_profiles/desktops/cosmic.py
[2025-09-26 16:09:23] - DEBUG - Importing profile: /usr/lib/python3.13/site-packages/archinstall/default_profiles/desktops/cutefish.py
[2025-09-26 16:09:23] - DEBUG - Importing profile: /usr/lib/python3.13/site-packages/archinstall/default_profiles/desktops/deepin.py
[2025-09-26 16:09:23] - DEBUG - Importing profile: /usr/lib/python3.13/site-packages/archinstall/default_profiles/desktops/enlightenment.py
[2025-09-26 16:09:23] - DEBUG - Importing profile: /usr/lib/python3.13/site-packages/archinstall/default_profiles/desktops/gnome.py
[2025-09-26 16:09:23] - DEBUG - Importing profile: /usr/lib/python3.13/site-packages/archinstall/default_profiles/desktops/hyprland.py
[2025-09-26 16:09:23] - DEBUG - Importing profile: /usr/lib/python3.13/site-packages/archinstall/default_profiles/desktops/i3.py
[2025-09-26 16:09:23] - DEBUG - Importing profile: /usr/lib/python3.13/site-packages/archinstall/default_profiles/desktops/labwc.py
[2025-09-26 16:09:23] - DEBUG - Importing profile: /usr/lib/python3.13/site-packages/archinstall/default_profiles/desktops/lxqt.py
[2025-09-26 16:09:23] - DEBUG - Importing profile: /usr/lib/python3.13/site-packages/archinstall/default_profiles/desktops/mate.py
[2025-09-26 16:09:23] - DEBUG - Importing profile: /usr/lib/python3.13/site-packages/archinstall/default_profiles/desktops/niri.py
[2025-09-26 16:09:23] - DEBUG - Importing profile: /usr/lib/python3.13/site-packages/archinstall/default_profiles/desktops/plasma.py
[2025-09-26 16:09:23] - DEBUG - Importing profile: /usr/lib/python3.13/site-packages/archinstall/default_profiles/desktops/qtile.py
[2025-09-26 16:09:23] - DEBUG - Importing profile: /usr/lib/python3.13/site-packages/archinstall/default_profiles/desktops/river.py
[2025-09-26 16:09:23] - DEBUG - Importing profile: /usr/lib/python3.13/site-packages/archinstall/default_profiles/desktops/sway.py
[2025-09-26 16:09:23] - DEBUG - Importing profile: /usr/lib/python3.13/site-packages/archinstall/default_profiles/desktops/xfce4.py
[2025-09-26 16:09:23] - DEBUG - Importing profile: /usr/lib/python3.13/site-packages/archinstall/default_profiles/desktops/xmonad.py
[2025-09-26 16:09:23] - DEBUG - Importing profile: /usr/lib/python3.13/site-packages/archinstall/default_profiles/servers/__init__.py
[2025-09-26 16:09:23] - DEBUG - Importing profile: /usr/lib/python3.13/site-packages/archinstall/default_profiles/servers/cockpit.py
[2025-09-26 16:09:23] - DEBUG - Importing profile: /usr/lib/python3.13/site-packages/archinstall/default_profiles/servers/docker.py
[2025-09-26 16:09:23] - DEBUG - Importing profile: /usr/lib/python3.13/site-packages/archinstall/default_profiles/servers/httpd.py
[2025-09-26 16:09:23] - DEBUG - Importing profile: /usr/lib/python3.13/site-packages/archinstall/default_profiles/servers/lighttpd.py
[2025-09-26 16:09:23] - DEBUG - Importing profile: /usr/lib/python3.13/site-packages/archinstall/default_profiles/servers/mariadb.py
[2025-09-26 16:09:23] - DEBUG - Importing profile: /usr/lib/python3.13/site-packages/archinstall/default_profiles/servers/nginx.py
[2025-09-26 16:09:23] - DEBUG - Importing profile: /usr/lib/python3.13/site-packages/archinstall/default_profiles/servers/postgresql.py
[2025-09-26 16:09:23] - DEBUG - Importing profile: /usr/lib/python3.13/site-packages/archinstall/default_profiles/servers/sshd.py
[2025-09-26 16:09:23] - DEBUG - Importing profile: /usr/lib/python3.13/site-packages/archinstall/default_profiles/servers/tomcat.py
